0 info it worked if it ends with ok
1 verbose cli [ 'D:\\Program Files\\nodejs\\node.exe',
1 verbose cli   'D:\\Program Files\\nodejs\\node_modules\\npm\\bin\\npm-cli.js',
1 verbose cli   'i',
1 verbose cli   'thrift' ]
2 info using npm@3.10.3
3 info using node@v6.7.0
4 silly loadCurrentTree Starting
5 silly install loadCurrentTree
6 silly install readLocalPackageData
7 silly fetchPackageMetaData thrift
8 silly fetchNamedPackageData thrift
9 silly mapToRegistry name thrift
10 silly mapToRegistry using default registry
11 silly mapToRegistry registry https://registry.npm.taobao.org/
12 silly mapToRegistry data Result {
12 silly mapToRegistry   raw: 'thrift',
12 silly mapToRegistry   scope: null,
12 silly mapToRegistry   escapedName: 'thrift',
12 silly mapToRegistry   name: 'thrift',
12 silly mapToRegistry   rawSpec: '',
12 silly mapToRegistry   spec: 'latest',
12 silly mapToRegistry   type: 'tag' }
13 silly mapToRegistry uri https://registry.npm.taobao.org/thrift
14 verbose request uri https://registry.npm.taobao.org/thrift
15 verbose request no auth needed
16 info attempt registry request try #1 at 14:37:36
17 verbose request id 8e71a4c3f118c1c5
18 http request GET https://registry.npm.taobao.org/thrift
19 http 200 https://registry.npm.taobao.org/thrift
20 verbose headers { date: 'Tue, 08 Nov 2016 06:37:36 GMT',
20 verbose headers   'content-type': 'application/json; charset=utf-8',
20 verbose headers   'content-length': '16487',
20 verbose headers   connection: 'keep-alive',
20 verbose headers   'x-current-requests': '1',
20 verbose headers   etag: '"4067-5PmgVjdXcq93jD+MaaXpsg"',
20 verbose headers   'x-readtime': '22' }
21 silly get cb [ 200,
21 silly get   { date: 'Tue, 08 Nov 2016 06:37:36 GMT',
21 silly get     'content-type': 'application/json; charset=utf-8',
21 silly get     'content-length': '16487',
21 silly get     connection: 'keep-alive',
21 silly get     'x-current-requests': '1',
21 silly get     etag: '"4067-5PmgVjdXcq93jD+MaaXpsg"',
21 silly get     'x-readtime': '22' } ]
22 verbose get saving thrift to C:\Users\zjruan\AppData\Roaming\npm-cache\registry.npm.taobao.org\thrift\.cache.json
23 verbose correctMkdir C:\Users\zjruan\AppData\Roaming\npm-cache correctMkdir not in flight; initializing
24 silly install normalizeTree
25 silly loadCurrentTree Finishing
26 silly loadIdealTree Starting
27 silly install loadIdealTree
28 silly cloneCurrentTree Starting
29 silly install cloneCurrentTreeToIdealTree
30 silly cloneCurrentTree Finishing
31 silly loadShrinkwrap Starting
32 silly install loadShrinkwrap
33 silly loadShrinkwrap Finishing
34 silly loadAllDepsIntoIdealTree Starting
35 silly install loadAllDepsIntoIdealTree
36 silly rollbackFailedOptional Starting
37 silly rollbackFailedOptional Finishing
38 silly runTopLevelLifecycles Starting
39 silly runTopLevelLifecycles Finishing
40 silly install printInstalled
41 verbose stack Error: Refusing to install thrift as a dependency of itself
41 verbose stack     at checkSelf (D:\Program Files\nodejs\node_modules\npm\lib\install\validate-args.js:53:14)
41 verbose stack     at Array.<anonymous> (D:\Program Files\nodejs\node_modules\npm\node_modules\slide\lib\bind-actor.js:15:8)
41 verbose stack     at LOOP (D:\Program Files\nodejs\node_modules\npm\node_modules\slide\lib\chain.js:15:14)
41 verbose stack     at chain (D:\Program Files\nodejs\node_modules\npm\node_modules\slide\lib\chain.js:20:5)
41 verbose stack     at D:\Program Files\nodejs\node_modules\npm\lib\install\validate-args.js:16:5
41 verbose stack     at D:\Program Files\nodejs\node_modules\npm\node_modules\slide\lib\async-map.js:52:35
41 verbose stack     at Array.forEach (native)
41 verbose stack     at D:\Program Files\nodejs\node_modules\npm\node_modules\slide\lib\async-map.js:52:11
41 verbose stack     at Array.forEach (native)
41 verbose stack     at asyncMap (D:\Program Files\nodejs\node_modules\npm\node_modules\slide\lib\async-map.js:51:8)
42 verbose cwd C:\Users\zjruan\Desktop\thrift-0.9.3\lib\nodejs
43 error Windows_NT 10.0.14393
44 error argv "D:\\Program Files\\nodejs\\node.exe" "D:\\Program Files\\nodejs\\node_modules\\npm\\bin\\npm-cli.js" "i" "thrift"
45 error node v6.7.0
46 error npm  v3.10.3
47 error code ENOSELF
48 error Refusing to install thrift as a dependency of itself
49 error If you need help, you may report this error at:
49 error     <https://github.com/npm/npm/issues>
50 verbose exit [ 1, true ]
