0 info it worked if it ends with ok
1 verbose cli [ 'D:\\Program Files\\nodejs\\node.exe',
1 verbose cli   'D:\\Program Files\\nodejs\\node_modules\\npm\\bin\\npm-cli.js',
1 verbose cli   'install',
1 verbose cli   'thrift' ]
2 info using npm@3.10.3
3 info using node@v6.7.0
4 silly loadCurrentTree Starting
5 silly install loadCurrentTree
6 silly install readLocalPackageData
7 silly fetchPackageMetaData thrift
8 silly fetchNamedPackageData thrift
9 silly mapToRegistry name thrift
10 silly mapToRegistry using default registry
11 silly mapToRegistry registry https://registry.npm.taobao.org/
12 silly mapToRegistry data Result {
12 silly mapToRegistry   raw: 'thrift',
12 silly mapToRegistry   scope: null,
12 silly mapToRegistry   escapedName: 'thrift',
12 silly mapToRegistry   name: 'thrift',
12 silly mapToRegistry   rawSpec: '',
12 silly mapToRegistry   spec: 'latest',
12 silly mapToRegistry   type: 'tag' }
13 silly mapToRegistry uri https://registry.npm.taobao.org/thrift
14 verbose request uri https://registry.npm.taobao.org/thrift
15 verbose request no auth needed
16 info attempt registry request try #1 at 16:38:25
17 verbose request id dce6704d7df7b328
18 verbose etag "4067-5PmgVjdXcq93jD+MaaXpsg"
19 http request GET https://registry.npm.taobao.org/thrift
20 http 304 https://registry.npm.taobao.org/thrift
21 verbose headers { date: 'Tue, 08 Nov 2016 08:38:25 GMT',
21 verbose headers   connection: 'keep-alive',
21 verbose headers   'x-current-requests': '1',
21 verbose headers   etag: '"4067-5PmgVjdXcq93jD+MaaXpsg"',
21 verbose headers   'x-readtime': '17' }
22 silly get cb [ 304,
22 silly get   { date: 'Tue, 08 Nov 2016 08:38:25 GMT',
22 silly get     connection: 'keep-alive',
22 silly get     'x-current-requests': '1',
22 silly get     etag: '"4067-5PmgVjdXcq93jD+MaaXpsg"',
22 silly get     'x-readtime': '17' } ]
23 verbose etag https://registry.npm.taobao.org/thrift from cache
24 verbose get saving thrift to C:\Users\zjruan\AppData\Roaming\npm-cache\registry.npm.taobao.org\thrift\.cache.json
25 verbose correctMkdir C:\Users\zjruan\AppData\Roaming\npm-cache correctMkdir not in flight; initializing
26 silly install normalizeTree
27 silly loadCurrentTree Finishing
28 silly loadIdealTree Starting
29 silly install loadIdealTree
30 silly cloneCurrentTree Starting
31 silly install cloneCurrentTreeToIdealTree
32 silly cloneCurrentTree Finishing
33 silly loadShrinkwrap Starting
34 silly install loadShrinkwrap
35 silly loadShrinkwrap Finishing
36 silly loadAllDepsIntoIdealTree Starting
37 silly install loadAllDepsIntoIdealTree
38 silly rollbackFailedOptional Starting
39 silly rollbackFailedOptional Finishing
40 silly runTopLevelLifecycles Starting
41 silly runTopLevelLifecycles Finishing
42 silly install printInstalled
43 verbose stack Error: Refusing to install thrift as a dependency of itself
43 verbose stack     at checkSelf (D:\Program Files\nodejs\node_modules\npm\lib\install\validate-args.js:53:14)
43 verbose stack     at Array.<anonymous> (D:\Program Files\nodejs\node_modules\npm\node_modules\slide\lib\bind-actor.js:15:8)
43 verbose stack     at LOOP (D:\Program Files\nodejs\node_modules\npm\node_modules\slide\lib\chain.js:15:14)
43 verbose stack     at chain (D:\Program Files\nodejs\node_modules\npm\node_modules\slide\lib\chain.js:20:5)
43 verbose stack     at D:\Program Files\nodejs\node_modules\npm\lib\install\validate-args.js:16:5
43 verbose stack     at D:\Program Files\nodejs\node_modules\npm\node_modules\slide\lib\async-map.js:52:35
43 verbose stack     at Array.forEach (native)
43 verbose stack     at D:\Program Files\nodejs\node_modules\npm\node_modules\slide\lib\async-map.js:52:11
43 verbose stack     at Array.forEach (native)
43 verbose stack     at asyncMap (D:\Program Files\nodejs\node_modules\npm\node_modules\slide\lib\async-map.js:51:8)
44 verbose cwd E:\StudyDemo\25.Thrift\lib\nodejs\examples
45 error Windows_NT 10.0.14393
46 error argv "D:\\Program Files\\nodejs\\node.exe" "D:\\Program Files\\nodejs\\node_modules\\npm\\bin\\npm-cli.js" "install" "thrift"
47 error node v6.7.0
48 error npm  v3.10.3
49 error code ENOSELF
50 error Refusing to install thrift as a dependency of itself
51 error If you need help, you may report this error at:
51 error     <https://github.com/npm/npm/issues>
52 verbose exit [ 1, true ]
